<?xml version="1.0" encoding="UTF-8"?>
<!-- Generated by org.testng.reporters.JUnitReportReporter -->
<testsuite skipped="0" hostname="noi-harshit-w81" name="hotnew.HotNewTest" tests="1" failures="0" timestamp="18 Apr 2017 09:22:50 GMT" time="0.590" errors="0">
  <testcase name="GetHotNewTest" time="0.590" classname="hotnew.HotNewTest"/>
</testsuite> <!-- hotnew.HotNewTest -->
